2020-08-03 11:56:05 WARNING (MainThread) [homeassistant.loader] You are using a custom integration for hacs which has not been tested by Home Assistant. This component might cause stability problems, be sure to disable it if you experience issues with Home Assistant.
2020-08-03 11:56:05 WARNING (MainThread) [homeassistant.loader] You are using a custom integration for breaking_changes which has not been tested by Home Assistant. This component might cause stability problems, be sure to disable it if you experience issues with Home Assistant.
2020-08-03 11:56:14 ERROR (MainThread) [homeassistant.components.climate] The zwave platform for the climate integration does not support platform setup. Please remove it from your config.
2020-08-03 11:56:16 WARNING (MainThread) [frontend.js.latest.202007160] Icon mdi:file-document-box-outline was renamed to mdi:text-box-outline, please change your config, it will be removed in version 0.115.
2020-08-03 11:56:22 WARNING (MainThread) [homeassistant.loader] You are using a custom integration for garbage_collection which has not been tested by Home Assistant. This component might cause stability problems, be sure to disable it if you experience issues with Home Assistant.
2020-08-03 11:56:22 WARNING (MainThread) [frontend.js.latest.202007160] Icon mdi:file-document-box-outline was renamed to mdi:text-box-outline, please change your config, it will be removed in version 0.115.
2020-08-03 11:56:28 WARNING (MainThread) [homeassistant.setup] Setup of default_config is taking over 10 seconds.
2020-08-03 11:56:50 WARNING (MainThread) [frontend.js.latest.202007160] Icon mdi:file-document-box-outline was renamed to mdi:text-box-outline, please change your config, it will be removed in version 0.115.
2020-08-03 11:56:50 WARNING (MainThread) [frontend.js.latest.202007160] Icon mdi:file-document-box-outline was renamed to mdi:text-box-outline, please change your config, it will be removed in version 0.115.
2020-08-03 11:56:52 ERROR (MainThread) [homeassistant.components.mqtt] Failed to connect to MQTT server due to exception: [Errno -3] Try again
2020-08-03 12:41:46 WARNING (MainThread) [frontend.js.latest.202007160] Icon mdi:timer was renamed to mdi:timer-outline, please change your config, it will be removed in version 0.115.
2020-08-03 12:57:38 WARNING (MainThread) [homeassistant.helpers.entity] Update of media_player.sony_bravia_tv is taking over 10 seconds
2020-08-03 12:57:38 WARNING (MainThread) [homeassistant.components.media_player] Updating braviatv media_player took longer than the scheduled update interval 0:00:10
2020-08-03 15:39:16 WARNING (zeroconf-Engine-259) [zeroconf] Choked at offset 0 while unpacking b'\n\xba\x10\x00'
Traceback (most recent call last):
  File "/usr/local/lib/python3.8/site-packages/zeroconf/__init__.py", line 704, in __init__
    self.read_header()
  File "/usr/local/lib/python3.8/site-packages/zeroconf/__init__.py", line 741, in read_header
    ) = self.unpack(b'!6H')
  File "/usr/local/lib/python3.8/site-packages/zeroconf/__init__.py", line 728, in unpack
    info = struct.unpack(format_, self.data[self.offset : self.offset + length])
struct.error: unpack requires a buffer of 12 bytes
2020-08-03 20:00:01 WARNING (MainThread) [homeassistant.helpers.entity] Updating state for sensor.potential_breaking_changes (<class 'custom_components.breaking_changes.sensor.BreakingChangesSensor'>) took 0.546 seconds. Please report it to the custom component author.
2020-08-03 23:35:12 WARNING (MainThread) [homeassistant.components.light.reproduce_state] Unable to find entity light.living_room_chand
2020-08-03 23:35:12 WARNING (MainThread) [homeassistant.components.light.reproduce_state] The use of other attributes than device state attributes is deprecated and will be removed in a future release. Invalid attributes are ['transition']. Read the logs for further details: https://www.home-assistant.io/integrations/scene/
2020-08-03 23:35:12 WARNING (MainThread) [homeassistant.components.light.reproduce_state] The use of other attributes than device state attributes is deprecated and will be removed in a future release. Invalid attributes are ['transition', 'brightness_pct']. Read the logs for further details: https://www.home-assistant.io/integrations/scene/
2020-08-03 23:35:12 WARNING (MainThread) [homeassistant.components.light.reproduce_state] The use of other attributes than device state attributes is deprecated and will be removed in a future release. Invalid attributes are ['transition', 'brightness_pct']. Read the logs for further details: https://www.home-assistant.io/integrations/scene/
2020-08-03 23:35:12 WARNING (MainThread) [homeassistant.components.light.reproduce_state] The use of other attributes than device state attributes is deprecated and will be removed in a future release. Invalid attributes are ['transition', 'brightness_pct']. Read the logs for further details: https://www.home-assistant.io/integrations/scene/
2020-08-03 23:35:12 WARNING (MainThread) [homeassistant.helpers.service] Unable to find referenced entities media_player.den_tv
2020-08-03 23:53:33 ERROR (MainThread) [pyhaversion] Timeout error fetching version information from PyPi, 
2020-08-03 23:53:33 WARNING (MainThread) [custom_components.breaking_changes] Could not get version data.
2020-08-04 04:12:00 ERROR (Recorder) [homeassistant.components.recorder.util] Error executing query: (sqlite3.DatabaseError) database disk image is malformed
[SQL: SELECT states.state_id AS states_state_id, states.domain AS states_domain, states.entity_id AS states_entity_id, states.state AS states_state, states.attributes AS states_attributes, states.event_id AS states_event_id, states.last_changed AS states_last_changed, states.last_updated AS states_last_updated, states.created AS states_created, states.old_state_id AS states_old_state_id 
FROM states ORDER BY states.last_updated ASC
 LIMIT ? OFFSET ?]
[parameters: (1, 0)]
(Background on this error at: http://sqlalche.me/e/13/4xp6)
2020-08-04 04:12:00 ERROR (Recorder) [homeassistant.components.recorder.util] Error executing query: (sqlite3.DatabaseError) database disk image is malformed
[SQL: SELECT states.state_id AS states_state_id, states.domain AS states_domain, states.entity_id AS states_entity_id, states.state AS states_state, states.attributes AS states_attributes, states.event_id AS states_event_id, states.last_changed AS states_last_changed, states.last_updated AS states_last_updated, states.created AS states_created, states.old_state_id AS states_old_state_id 
FROM states ORDER BY states.last_updated ASC
 LIMIT ? OFFSET ?]
[parameters: (1, 0)]
(Background on this error at: http://sqlalche.me/e/13/4xp6)
2020-08-04 04:12:00 ERROR (Recorder) [homeassistant.components.recorder.util] Error executing query: (sqlite3.DatabaseError) database disk image is malformed
[SQL: SELECT states.state_id AS states_state_id, states.domain AS states_domain, states.entity_id AS states_entity_id, states.state AS states_state, states.attributes AS states_attributes, states.event_id AS states_event_id, states.last_changed AS states_last_changed, states.last_updated AS states_last_updated, states.created AS states_created, states.old_state_id AS states_old_state_id 
FROM states ORDER BY states.last_updated ASC
 LIMIT ? OFFSET ?]
[parameters: (1, 0)]
(Background on this error at: http://sqlalche.me/e/13/4xp6)
2020-08-04 04:12:00 ERROR (Recorder) [homeassistant.components.recorder.util] Error executing query: (sqlite3.DatabaseError) database disk image is malformed
[SQL: SELECT states.state_id AS states_state_id, states.domain AS states_domain, states.entity_id AS states_entity_id, states.state AS states_state, states.attributes AS states_attributes, states.event_id AS states_event_id, states.last_changed AS states_last_changed, states.last_updated AS states_last_updated, states.created AS states_created, states.old_state_id AS states_old_state_id 
FROM states ORDER BY states.last_updated ASC
 LIMIT ? OFFSET ?]
[parameters: (1, 0)]
(Background on this error at: http://sqlalche.me/e/13/4xp6)
2020-08-04 04:12:00 WARNING (Recorder) [homeassistant.components.recorder.purge] Error purging history: (sqlite3.DatabaseError) database disk image is malformed
[SQL: SELECT states.state_id AS states_state_id, states.domain AS states_domain, states.entity_id AS states_entity_id, states.state AS states_state, states.attributes AS states_attributes, states.event_id AS states_event_id, states.last_changed AS states_last_changed, states.last_updated AS states_last_updated, states.created AS states_created, states.old_state_id AS states_old_state_id 
FROM states ORDER BY states.last_updated ASC
 LIMIT ? OFFSET ?]
[parameters: (1, 0)]
(Background on this error at: http://sqlalche.me/e/13/4xp6)
2020-08-04 06:38:47 ERROR (MainThread) [pyhaversion] Timeout error fetching version information from PyPi, 
2020-08-04 06:38:47 WARNING (MainThread) [custom_components.breaking_changes] Could not get version data.
2020-08-04 07:40:28 WARNING (MainThread) [homeassistant.components.light.reproduce_state] The use of other attributes than device state attributes is deprecated and will be removed in a future release. Invalid attributes are ['brightness_pct', 'transition']. Read the logs for further details: https://www.home-assistant.io/integrations/scene/
2020-08-04 07:40:28 WARNING (MainThread) [homeassistant.components.light.reproduce_state] The use of other attributes than device state attributes is deprecated and will be removed in a future release. Invalid attributes are ['brightness_pct']. Read the logs for further details: https://www.home-assistant.io/integrations/scene/
2020-08-04 07:40:28 WARNING (MainThread) [homeassistant.components.light.reproduce_state] The use of other attributes than device state attributes is deprecated and will be removed in a future release. Invalid attributes are ['brightness_pct']. Read the logs for further details: https://www.home-assistant.io/integrations/scene/
2020-08-04 07:40:28 WARNING (MainThread) [homeassistant.components.light.reproduce_state] The use of other attributes than device state attributes is deprecated and will be removed in a future release. Invalid attributes are ['brightness_pct']. Read the logs for further details: https://www.home-assistant.io/integrations/scene/
2020-08-04 07:40:28 WARNING (MainThread) [homeassistant.components.light.reproduce_state] The use of other attributes than device state attributes is deprecated and will be removed in a future release. Invalid attributes are ['brightness_pct']. Read the logs for further details: https://www.home-assistant.io/integrations/scene/
2020-08-04 07:40:28 WARNING (MainThread) [homeassistant.components.light.reproduce_state] The use of other attributes than device state attributes is deprecated and will be removed in a future release. Invalid attributes are ['brightness_pct']. Read the logs for further details: https://www.home-assistant.io/integrations/scene/
2020-08-04 15:03:54 ERROR (MainThread) [pyhaversion] Timeout error fetching version information from PyPi, 
2020-08-04 15:03:54 WARNING (MainThread) [custom_components.breaking_changes] Could not get version data.
2020-08-04 21:33:59 WARNING (MainThread) [homeassistant.components.light.reproduce_state] The use of other attributes than device state attributes is deprecated and will be removed in a future release. Invalid attributes are ['brightness_pct', 'transition']. Read the logs for further details: https://www.home-assistant.io/integrations/scene/
2020-08-04 21:33:59 WARNING (MainThread) [homeassistant.components.light.reproduce_state] The use of other attributes than device state attributes is deprecated and will be removed in a future release. Invalid attributes are ['transition']. Read the logs for further details: https://www.home-assistant.io/integrations/scene/
2020-08-04 21:33:59 WARNING (MainThread) [homeassistant.components.light.reproduce_state] The use of other attributes than device state attributes is deprecated and will be removed in a future release. Invalid attributes are ['brightness_pct', 'transition']. Read the logs for further details: https://www.home-assistant.io/integrations/scene/
2020-08-04 21:33:59 WARNING (MainThread) [homeassistant.components.light.reproduce_state] The use of other attributes than device state attributes is deprecated and will be removed in a future release. Invalid attributes are ['transition']. Read the logs for further details: https://www.home-assistant.io/integrations/scene/
2020-08-04 21:33:59 WARNING (MainThread) [homeassistant.components.light.reproduce_state] The use of other attributes than device state attributes is deprecated and will be removed in a future release. Invalid attributes are ['transition']. Read the logs for further details: https://www.home-assistant.io/integrations/scene/
2020-08-04 23:27:53 WARNING (MainThread) [homeassistant.components.light.reproduce_state] Unable to find entity light.living_room_chand
2020-08-04 23:27:53 WARNING (MainThread) [homeassistant.components.light.reproduce_state] The use of other attributes than device state attributes is deprecated and will be removed in a future release. Invalid attributes are ['transition']. Read the logs for further details: https://www.home-assistant.io/integrations/scene/
2020-08-04 23:27:53 WARNING (MainThread) [homeassistant.components.light.reproduce_state] The use of other attributes than device state attributes is deprecated and will be removed in a future release. Invalid attributes are ['transition', 'brightness_pct']. Read the logs for further details: https://www.home-assistant.io/integrations/scene/
2020-08-04 23:27:53 WARNING (MainThread) [homeassistant.components.light.reproduce_state] The use of other attributes than device state attributes is deprecated and will be removed in a future release. Invalid attributes are ['transition', 'brightness_pct']. Read the logs for further details: https://www.home-assistant.io/integrations/scene/
2020-08-04 23:27:53 WARNING (MainThread) [homeassistant.components.light.reproduce_state] The use of other attributes than device state attributes is deprecated and will be removed in a future release. Invalid attributes are ['transition', 'brightness_pct']. Read the logs for further details: https://www.home-assistant.io/integrations/scene/
2020-08-04 23:27:53 WARNING (MainThread) [homeassistant.helpers.service] Unable to find referenced entities media_player.den_tv
2020-08-05 02:33:27 ERROR (MainThread) [pyhaversion] Timeout error fetching version information from PyPi, 
2020-08-05 02:33:27 WARNING (MainThread) [custom_components.breaking_changes] Could not get version data.
2020-08-05 04:12:00 ERROR (Recorder) [homeassistant.components.recorder.util] Error executing query: (sqlite3.DatabaseError) database disk image is malformed
[SQL: SELECT states.state_id AS states_state_id, states.domain AS states_domain, states.entity_id AS states_entity_id, states.state AS states_state, states.attributes AS states_attributes, states.event_id AS states_event_id, states.last_changed AS states_last_changed, states.last_updated AS states_last_updated, states.created AS states_created, states.old_state_id AS states_old_state_id 
FROM states ORDER BY states.last_updated ASC
 LIMIT ? OFFSET ?]
[parameters: (1, 0)]
(Background on this error at: http://sqlalche.me/e/13/4xp6)
2020-08-05 04:12:00 ERROR (Recorder) [homeassistant.components.recorder.util] Error executing query: (sqlite3.DatabaseError) database disk image is malformed
[SQL: SELECT states.state_id AS states_state_id, states.domain AS states_domain, states.entity_id AS states_entity_id, states.state AS states_state, states.attributes AS states_attributes, states.event_id AS states_event_id, states.last_changed AS states_last_changed, states.last_updated AS states_last_updated, states.created AS states_created, states.old_state_id AS states_old_state_id 
FROM states ORDER BY states.last_updated ASC
 LIMIT ? OFFSET ?]
[parameters: (1, 0)]
(Background on this error at: http://sqlalche.me/e/13/4xp6)
2020-08-05 04:12:00 ERROR (Recorder) [homeassistant.components.recorder.util] Error executing query: (sqlite3.DatabaseError) database disk image is malformed
[SQL: SELECT states.state_id AS states_state_id, states.domain AS states_domain, states.entity_id AS states_entity_id, states.state AS states_state, states.attributes AS states_attributes, states.event_id AS states_event_id, states.last_changed AS states_last_changed, states.last_updated AS states_last_updated, states.created AS states_created, states.old_state_id AS states_old_state_id 
FROM states ORDER BY states.last_updated ASC
 LIMIT ? OFFSET ?]
[parameters: (1, 0)]
(Background on this error at: http://sqlalche.me/e/13/4xp6)
2020-08-05 04:12:00 ERROR (Recorder) [homeassistant.components.recorder.util] Error executing query: (sqlite3.DatabaseError) database disk image is malformed
[SQL: SELECT states.state_id AS states_state_id, states.domain AS states_domain, states.entity_id AS states_entity_id, states.state AS states_state, states.attributes AS states_attributes, states.event_id AS states_event_id, states.last_changed AS states_last_changed, states.last_updated AS states_last_updated, states.created AS states_created, states.old_state_id AS states_old_state_id 
FROM states ORDER BY states.last_updated ASC
 LIMIT ? OFFSET ?]
[parameters: (1, 0)]
(Background on this error at: http://sqlalche.me/e/13/4xp6)
2020-08-05 04:12:00 WARNING (Recorder) [homeassistant.components.recorder.purge] Error purging history: (sqlite3.DatabaseError) database disk image is malformed
[SQL: SELECT states.state_id AS states_state_id, states.domain AS states_domain, states.entity_id AS states_entity_id, states.state AS states_state, states.attributes AS states_attributes, states.event_id AS states_event_id, states.last_changed AS states_last_changed, states.last_updated AS states_last_updated, states.created AS states_created, states.old_state_id AS states_old_state_id 
FROM states ORDER BY states.last_updated ASC
 LIMIT ? OFFSET ?]
[parameters: (1, 0)]
(Background on this error at: http://sqlalche.me/e/13/4xp6)
2020-08-05 07:09:05 WARNING (MainThread) [homeassistant.components.light.reproduce_state] The use of other attributes than device state attributes is deprecated and will be removed in a future release. Invalid attributes are ['brightness_pct', 'transition']. Read the logs for further details: https://www.home-assistant.io/integrations/scene/
2020-08-05 07:09:05 WARNING (MainThread) [homeassistant.components.light.reproduce_state] The use of other attributes than device state attributes is deprecated and will be removed in a future release. Invalid attributes are ['brightness_pct']. Read the logs for further details: https://www.home-assistant.io/integrations/scene/
2020-08-05 07:09:05 WARNING (MainThread) [homeassistant.components.light.reproduce_state] The use of other attributes than device state attributes is deprecated and will be removed in a future release. Invalid attributes are ['brightness_pct']. Read the logs for further details: https://www.home-assistant.io/integrations/scene/
2020-08-05 07:09:06 WARNING (MainThread) [homeassistant.components.light.reproduce_state] The use of other attributes than device state attributes is deprecated and will be removed in a future release. Invalid attributes are ['brightness_pct']. Read the logs for further details: https://www.home-assistant.io/integrations/scene/
2020-08-05 07:09:06 WARNING (MainThread) [homeassistant.components.light.reproduce_state] The use of other attributes than device state attributes is deprecated and will be removed in a future release. Invalid attributes are ['brightness_pct']. Read the logs for further details: https://www.home-assistant.io/integrations/scene/
2020-08-05 07:09:06 WARNING (MainThread) [homeassistant.components.light.reproduce_state] The use of other attributes than device state attributes is deprecated and will be removed in a future release. Invalid attributes are ['brightness_pct']. Read the logs for further details: https://www.home-assistant.io/integrations/scene/
